[    0.000000] Linux version 4.15.0-212-generic (buildd@lcy02-amd64-083) (gcc version 7.5.0 (Ubuntu 7.5.0-3ubuntu1~18.04)) #223-Ubuntu SMP Tue May 23 13:09:22 UTC 2023 (Ubuntu 4.15.0-212.223-generic 4.15.18)
[    0.000000] Command line: BOOT_IMAGE=/boot/vmlinuz-4.15.0-212-generic root=LABEL=cloudimg-rootfs ro console=tty1 console=ttyS0
[    0.000000] KERNEL supported cpus:
[    0.000000]   Intel GenuineIntel
[    0.000000]   AMD AuthenticAMD
[    0.000000]   Centaur CentaurHauls
[    0.000000] x86/fpu: Supporting XSAVE feature 0x001: 'x87 floating point registers'
[    0.000000] x86/fpu: Supporting XSAVE feature 0x002: 'SSE registers'
[    0.000000] x86/fpu: Supporting XSAVE feature 0x004: 'AVX registers'
[    0.000000] x86/fpu: xstate_offset[2]:  576, xstate_sizes[2]:  256
[    0.000000] x86/fpu: Enabled xstate features 0x7, context size is 832 bytes, using 'standard' format.
[    0.000000] e820: BIOS-provided physical RAM map:
[    0.000000] BIOS-e820: [mem 0x0000000000000000-0x000000000009fbff] usable
[    0.000000] BIOS-e820: [mem 0x000000000009fc00-0x000000000009ffff] reserved
[    0.000000] BIOS-e820: [mem 0x00000000000f0000-0x00000000000fffff] reserved
[    0.000000] BIOS-e820: [mem 0x0000000000100000-0x000000003ffeffff] usable
[    0.000000] BIOS-e820: [mem 0x000000003fff0000-0x000000003fffffff] ACPI data
[    0.000000] BIOS-e820: [mem 0x00000000fec00000-0x00000000fec00fff] reserved
[    0.000000] BIOS-e820: [mem 0x00000000fee00000-0x00000000fee00fff] reserved
[    0.000000] BIOS-e820: [mem 0x00000000fffc0000-0x00000000ffffffff] reserved
[    0.000000] NX (Execute Disable) protection: active
[    0.000000] SMBIOS 2.5 present.
[    0.000000] DMI: innotek GmbH VirtualBox/VirtualBox, BIOS VirtualBox 12/01/2006
[    0.000000] Hypervisor detected: KVM
[    0.000000] e820: last_pfn = 0x3fff0 max_arch_pfn = 0x400000000
[    0.000000] x86/PAT: Configuration [0-7]: WB  WC  UC- UC  WB  WP  UC- WT  
[    0.000000] found SMP MP-table at [mem 0x0009fbf0-0x0009fbff]
[    0.000000] Scanning 1 areas for low memory corruption
[    0.000000] RAMDISK: [mem 0x359cb000-0x36cdcfff]
[    0.000000] ACPI: Early table checksum verification disabled
[    0.000000] ACPI: RSDP 0x00000000000E0000 000024 (v02 VBOX  )
[    0.000000] ACPI: XSDT 0x000000003FFF0030 00003C (v01 VBOX   VBOXXSDT 00000001 ASL  00000061)
[    0.000000] ACPI: FACP 0x000000003FFF00F0 0000F4 (v04 VBOX   VBOXFACP 00000001 ASL  00000061)
[    0.000000] ACPI: DSDT 0x000000003FFF0610 002353 (v02 VBOX   VBOXBIOS 00000002 INTL 20100528)
[    0.000000] ACPI: FACS 0x000000003FFF0200 000040
[    0.000000] ACPI: FACS 0x000000003FFF0200 000040
[    0.000000] ACPI: APIC 0x000000003FFF0240 00005C (v02 VBOX   VBOXAPIC 00000001 ASL  00000061)
[    0.000000] ACPI: SSDT 0x000000003FFF02A0 00036C (v01 VBOX   VBOXCPUT 00000002 INTL 20100528)
[    0.000000] ACPI: Reserving FACP table memory at [mem 0x3fff00f0-0x3fff01e3]
[    0.000000] ACPI: Reserving DSDT table memory at [mem 0x3fff0610-0x3fff2962]
[    0.000000] ACPI: Reserving FACS table memory at [mem 0x3fff0200-0x3fff023f]
[    0.000000] ACPI: Reserving FACS table memory at [mem 0x3fff0200-0x3fff023f]
[    0.000000] ACPI: Reserving APIC table memory at [mem 0x3fff0240-0x3fff029b]
[    0.000000] ACPI: Reserving SSDT table memory at [mem 0x3fff02a0-0x3fff060b]
[    0.000000] No NUMA configuration found
[    0.000000] Faking a node at [mem 0x0000000000000000-0x000000003ffeffff]
[    0.000000] NODE_DATA(0) allocated [mem 0x3ffc5000-0x3ffeffff]
[    0.000000] kvm-clock: cpu 0, msr 0:3ff44001, primary cpu clock
[    0.000000] kvm-clock: Using msrs 4b564d01 and 4b564d00
[    0.000000] kvm-clock: using sched offset of 3126237971 cycles
[    0.000000] clocksource: kvm-clock: mask: 0xffffffffffffffff max_cycles: 0x1cd42e4dffb, max_idle_ns: 881590591483 ns
[    0.000000] Zone ranges:
[    0.000000]   DMA      [mem 0x0000000000001000-0x0000000000ffffff]
[    0.000000]   DMA32    [mem 0x0000000001000000-0x000000003ffeffff]
[    0.000000]   Normal   empty
[    0.000000]   Device   empty
[    0.000000] Movable zone start for each node
[    0.000000] Early memory node ranges
[    0.000000]   node   0: [mem 0x0000000000001000-0x000000000009efff]
[    0.000000]   node   0: [mem 0x0000000000100000-0x000000003ffeffff]
[    0.000000] Reserved but unavailable: 104 pages
[    0.000000] Initmem setup node 0 [mem 0x0000000000001000-0x000000003ffeffff]
[    0.000000] ACPI: PM-Timer IO Port: 0x4008
[    0.000000] IOAPIC[0]: apic_id 2, version 32, address 0xfec00000, GSI 0-23
[    0.000000] ACPI: INT_SRC_OVR (bus 0 bus_irq 0 global_irq 2 dfl dfl)
[    0.000000] ACPI: INT_SRC_OVR (bus 0 bus_irq 9 global_irq 9 low level)
[    0.000000] Using ACPI (MADT) for SMP configuration information
[    0.000000] smpboot: Allowing 2 CPUs, 0 hotplug CPUs
[    0.000000] PM: Registered nosave memory: [mem 0x00000000-0x00000fff]
[    0.000000] PM: Registered nosave memory: [mem 0x0009f000-0x0009ffff]
[    0.000000] PM: Registered nosave memory: [mem 0x000a0000-0x000effff]
[    0.000000] PM: Registered nosave memory: [mem 0x000f0000-0x000fffff]
[    0.000000] e820: [mem 0x40000000-0xfebfffff] available for PCI devices
[    0.000000] Booting paravirtualized kernel on KVM
[    0.000000] clocksource: refined-jiffies: mask: 0xffffffff max_cycles: 0xffffffff, max_idle_ns: 7645519600211568 ns
[    0.000000] setup_percpu: NR_CPUS:8192 nr_cpumask_bits:2 nr_cpu_ids:2 nr_node_ids:1
[    0.000000] percpu: Embedded 50 pages/cpu s167936 r8192 d28672 u1048576
[    0.000000] PV qspinlock hash table entries: 256 (order: 0, 4096 bytes)
[    0.000000] Built 1 zonelists, mobility grouping on.  Total pages: 257913
[    0.000000] Policy zone: DMA32
[    0.000000] Kernel command line: BOOT_IMAGE=/boot/vmlinuz-4.15.0-212-generic root=LABEL=cloudimg-rootfs ro console=tty1 console=ttyS0
[    0.000000] Memory: 982644K/1048120K available (12300K kernel code, 2477K rwdata, 4324K rodata, 2480K init, 2720K bss, 65476K reserved, 0K cma-reserved)
[    0.000000] SLUB: HWalign=64, Order=0-3, MinObjects=0, CPUs=2, Nodes=1
[    0.000000] ftrace: allocating 39508 entries in 155 pages
[    0.004000] Hierarchical RCU implementation.
[    0.004000] 	RCU restricting CPUs from NR_CPUS=8192 to nr_cpu_ids=2.
[    0.004000] 	Tasks RCU enabled.
[    0.004000] RCU: Adjusting geometry for rcu_fanout_leaf=16, nr_cpu_ids=2
[    0.004000] NR_IRQS: 524544, nr_irqs: 440, preallocated irqs: 16
[    0.004000] random: crng init done
[    0.004000] Console: colour VGA+ 80x25
[    0.004000] console [tty1] enabled
[    0.004000] console [ttyS0] enabled
[    0.004000] ACPI: Core revision 20170831
[    0.004000] ACPI: 2 ACPI AML tables successfully acquired and loaded
[    0.004000] APIC: Switch to symmetric I/O mode setup
[    0.004000] x2apic enabled
[    0.004000] Switched APIC routing to physical x2apic.
[    0.004000] ..TIMER: vector=0x30 apic1=0 pin1=2 apic2=-1 pin2=-1
[    0.004000] tsc: Detected 2495.998 MHz processor
[    0.004000] Calibrating delay loop (skipped) preset value.. 4991.99 BogoMIPS (lpj=9983992)
[    0.004004] pid_max: default: 32768 minimum: 301
[    0.004633] Security Framework initialized
[    0.005161] Yama: becoming mindful.
[    0.005670] AppArmor: AppArmor initialized
[    0.008005] Dentry cache hash table entries: 131072 (order: 8, 1048576 bytes)
[    0.008914] Inode-cache hash table entries: 65536 (order: 7, 524288 bytes)
[    0.012010] Mount-cache hash table entries: 2048 (order: 2, 16384 bytes)
[    0.012865] Mountpoint-cache hash table entries: 2048 (order: 2, 16384 bytes)
[    0.013995] Last level iTLB entries: 4KB 64, 2MB 8, 4MB 8
[    0.014712] Last level dTLB entries: 4KB 64, 2MB 0, 4MB 0, 1GB 4
[    0.016004] Spectre V1 : Mitigation: usercopy/swapgs barriers and __user pointer sanitization
[    0.017066] Spectre V2 : Mitigation: Retpolines
[    0.017663] Spectre V2 : Spectre v2 / SpectreRSB mitigation: Filling RSB on context switch
[    0.018696] Spectre V2 : Spectre v2 / SpectreRSB : Filling RSB on VMEXIT
[    0.019490] RETBleed: WARNING: Spectre v2 mitigation leaves CPU vulnerable to RETBleed attacks, data leaks possible!
[    0.020002] RETBleed: Vulnerable
[    0.020460] Speculative Store Bypass: Vulnerable
[    0.021067] MMIO Stale Data: Vulnerable: Clear CPU buffers attempted, no microcode
[    0.021980] SRBDS: Unknown: Dependent on hypervisor status
[    0.022803] Freeing SMP alternatives memory: 36K
[    0.132341] smpboot: CPU0: Intel(R) Core(TM) i5-10300H CPU @ 2.50GHz (family: 0x6, model: 0xa5, stepping: 0x2)
[    0.134247] Performance Events: unsupported p6 CPU model 165 no PMU driver, software events only.
[    0.135373] Hierarchical SRCU implementation.
[    0.136408] NMI watchdog: Perf event create on CPU 0 failed with -2
[    0.137180] NMI watchdog: Perf NMI watchdog permanently disabled
[    0.138284] smp: Bringing up secondary CPUs ...
[    0.138935] x86: Booting SMP configuration:
[    0.139477] .... node  #0, CPUs:      #1
[    0.004000] kvm-clock: cpu 1, msr 0:3ff44041, secondary cpu clock
[    0.143198] smp: Brought up 1 node, 2 CPUs
[    0.143198] smpboot: Max logical packages: 1
[    0.144004] smpboot: Total of 2 processors activated (9983.99 BogoMIPS)
[    0.145066] devtmpfs: initialized
[    0.145066] x86/mm: Memory block size: 128MB
[    0.145127] evm: security.selinux
[    0.145568] evm: security.SMACK64
[    0.146030] evm: security.SMACK64EXEC
[    0.148002] evm: security.SMACK64TRANSMUTE
[    0.148534] evm: security.SMACK64MMAP
[    0.149012] evm: security.apparmor
[    0.149536] evm: security.ima
[    0.149939] evm: security.capability
[    0.150439] clocksource: jiffies: mask: 0xffffffff max_cycles: 0xffffffff, max_idle_ns: 7645041785100000 ns
[    0.150439] futex hash table entries: 512 (order: 3, 32768 bytes)
[    0.152046] pinctrl core: initialized pinctrl subsystem
[    0.156076] RTC time: 16:14:59, date: 06/16/25
[    0.156759] NET: Registered protocol family 16
[    0.157412] audit: initializing netlink subsys (disabled)
[    0.158123] audit: type=2000 audit(1750090503.554:1): state=initialized audit_enabled=0 res=1
[    0.160009] cpuidle: using governor ladder
[    0.160542] cpuidle: using governor menu
[    0.161103] ACPI: bus type PCI registered
[    0.161630] acpiphp: ACPI Hot Plug PCI Controller Driver version: 0.5
[    0.162507] PCI: Using configuration type 1 for base access
[    0.164698] HugeTLB registered 2.00 MiB page size, pre-allocated 0 pages
[    0.164865] ACPI: Added _OSI(Module Device)
[    0.164865] ACPI: Added _OSI(Processor Device)
[    0.165164] ACPI: Added _OSI(3.0 _SCP Extensions)
[    0.165780] ACPI: Added _OSI(Processor Aggregator Device)
[    0.168007] ACPI: Added _OSI(Linux-Dell-Video)
[    0.168583] ACPI: Added _OSI(Linux-Lenovo-NV-HDMI-Audio)
[    0.169250] ACPI: Added _OSI(Linux-HPI-Hybrid-Graphics)
[    0.170139] ACPI: Executed 1 blocks of module-level executable AML code
[    0.173284] ACPI: Interpreter enabled
[    0.173775] ACPI: (supports S0 S5)
[    0.174243] ACPI: Using IOAPIC for interrupt routing
[    0.175032] PCI: Using host bridge windows from ACPI; if necessary, use "pci=nocrs" and report a bug
[    0.176119] ACPI: Enabled 2 GPEs in block 00 to 07
[    0.181791] ACPI: PCI Root Bridge [PCI0] (domain 0000 [bus 00-ff])
[    0.182574] acpi PNP0A03:00: _OSC: OS supports [ASPM ClockPM Segments MSI]
[    0.183756] acpi PNP0A03:00: _OSC: not requesting OS control; OS requires [ExtendedConfig ASPM ClockPM MSI]
[    0.184009] acpi PNP0A03:00: fail to add MMCONFIG information, can't access extended PCI configuration space under this bridge.
[    0.185742] PCI host bridge to bus 0000:00
[    0.186295] pci_bus 0000:00: root bus resource [io  0x0000-0x0cf7 window]
[    0.188003] pci_bus 0000:00: root bus resource [io  0x0d00-0xffff window]
[    0.188833] pci_bus 0000:00: root bus resource [mem 0x000a0000-0x000bffff window]
[    0.190244] pci_bus 0000:00: root bus resource [mem 0x40000000-0xfdffffff window]
[    0.191163] pci_bus 0000:00: root bus resource [bus 00-ff]
[    0.193361] pci 0000:00:01.1: legacy IDE quirk: reg 0x10: [io  0x01f0-0x01f7]
[    0.194276] pci 0000:00:01.1: legacy IDE quirk: reg 0x14: [io  0x03f6]
[    0.195070] pci 0000:00:01.1: legacy IDE quirk: reg 0x18: [io  0x0170-0x0177]
[    0.196002] pci 0000:00:01.1: legacy IDE quirk: reg 0x1c: [io  0x0376]
[    0.206248] pci 0000:00:07.0: quirk: [io  0x4000-0x403f] claimed by PIIX4 ACPI
[    0.207211] pci 0000:00:07.0: quirk: [io  0x4100-0x410f] claimed by PIIX4 SMB
[    0.214326] ACPI: PCI Interrupt Link [LNKA] (IRQs 5 9 10 *11)
[    0.215398] ACPI: PCI Interrupt Link [LNKB] (IRQs 5 9 *10 11)
[    0.216060] ACPI: PCI Interrupt Link [LNKC] (IRQs 5 *9 10 11)
[    0.216875] ACPI: PCI Interrupt Link [LNKD] (IRQs 5 9 10 *11)
[    0.217879] SCSI subsystem initialized
[    0.218443] pci 0000:00:02.0: vgaarb: setting as boot VGA device
[    0.218443] pci 0000:00:02.0: vgaarb: VGA device added: decodes=io+mem,owns=io+mem,locks=none
[    0.220008] pci 0000:00:02.0: vgaarb: bridge control possible
[    0.220705] vgaarb: loaded
[    0.221126] ACPI: bus type USB registered
[    0.221649] usbcore: registered new interface driver usbfs
[    0.222335] usbcore: registered new interface driver hub
[    0.223028] usbcore: registered new device driver usb
[    0.224033] EDAC MC: Ver: 3.0.0
[    0.224617] PCI: Using ACPI for IRQ routing
[    0.224786] NetLabel: Initializing
[    0.225229] NetLabel:  domain hash size = 128
[    0.225824] NetLabel:  protocols = UNLABELED CIPSOv4 CALIPSO
[    0.226557] NetLabel:  unlabeled traffic allowed by default
[    0.228051] clocksource: Switched to clocksource kvm-clock
[    0.247112] VFS: Disk quotas dquot_6.6.0
[    0.247673] VFS: Dquot-cache hash table entries: 512 (order 0, 4096 bytes)
[    0.248605] AppArmor: AppArmor Filesystem Enabled
[    0.249220] pnp: PnP ACPI init
[    0.250387] pnp: PnP ACPI: found 3 devices
[    0.258427] clocksource: acpi_pm: mask: 0xffffff max_cycles: 0xffffff, max_idle_ns: 2085701024 ns
[    0.259567] NET: Registered protocol family 2
[    0.260180] IP idents hash table entries: 16384 (order: 5, 131072 bytes)
[    0.264804] TCP established hash table entries: 8192 (order: 4, 65536 bytes)
[    0.265682] TCP bind hash table entries: 8192 (order: 5, 131072 bytes)
[    0.266497] TCP: Hash tables configured (established 8192 bind 8192)
[    0.267301] UDP hash table entries: 512 (order: 2, 16384 bytes)
[    0.268092] UDP-Lite hash table entries: 512 (order: 2, 16384 bytes)
[    0.268922] NET: Registered protocol family 1
[    0.269499] pci 0000:00:00.0: Limiting direct PCI/PCI transfers
[    0.270257] pci 0000:00:01.0: Activating ISA DMA hang workarounds
[    0.271040] pci 0000:00:02.0: Video device with shadowed ROM at [mem 0x000c0000-0x000dffff]
[    0.272166] Unpacking initramfs...
[    0.575250] Freeing initrd memory: 19528K
[    0.575883] clocksource: tsc: mask: 0xffffffffffffffff max_cycles: 0x23fa754787d, max_idle_ns: 440795210092 ns
[    0.577213] platform rtc_cmos: registered platform RTC device (no PNP device found)
[    0.578196] Scanning for low memory corruption every 60 seconds
[    0.579534] Initialise system trusted keyrings
[    0.580141] Key type blacklist registered
[    0.580709] workingset: timestamp_bits=36 max_order=18 bucket_order=0
[    0.582138] zbud: loaded
[    0.582839] squashfs: version 4.0 (2009/01/31) Phillip Lougher
[    0.583696] fuse init (API version 7.26)
[    0.585477] Key type asymmetric registered
[    0.586008] Asymmetric key parser 'x509' registered
[    0.586646] Block layer SCSI generic (bsg) driver version 0.4 loaded (major 246)
[    0.587621] io scheduler noop registered
[    0.588174] io scheduler deadline registered
[    0.588746] io scheduler cfq registered (default)
[    0.589554] ACPI: AC Adapter [AC] (on-line)
[    0.590187] input: Power Button as /devices/LNXSYSTM:00/LNXPWRBN:00/input/input0
[    0.591157] ACPI: Power Button [PWRF]
[    0.591684] input: Sleep Button as /devices/LNXSYSTM:00/LNXSLPBN:00/input/input1
[    0.592662] ACPI: Sleep Button [SLPF]
[    0.593835] ACPI: Battery Slot [BAT0] (battery present)
[    0.594596] Serial: 8250/16550 driver, 32 ports, IRQ sharing enabled
[    0.615899] 00:02: ttyS0 at I/O 0x3f8 (irq = 4, base_baud = 115200) is a 16550A
[    0.618923] Linux agpgart interface v0.103
[    0.624560] loop: module loaded
[    0.625427] scsi host0: ata_piix
[    0.625959] scsi host1: ata_piix
[    0.626450] ata1: PATA max UDMA/33 cmd 0x1f0 ctl 0x3f6 bmdma 0xd000 irq 14
[    0.627279] ata2: PATA max UDMA/33 cmd 0x170 ctl 0x376 bmdma 0xd008 irq 15
[    0.628369] tun: Universal TUN/TAP device driver, 1.6
[    0.629202] PPP generic driver version 2.4.2
[    0.629814] ehci_hcd: USB 2.0 'Enhanced' Host Controller (EHCI) Driver
[    0.630623] ehci-pci: EHCI PCI platform driver
[    0.631210] ehci-platform: EHCI generic platform driver
[    0.631891] ohci_hcd: USB 1.1 'Open' Host Controller (OHCI) Driver
[    0.632763] ohci-pci: OHCI PCI platform driver
[    0.633729] ohci-platform: OHCI generic platform driver
[    0.634405] uhci_hcd: USB Universal Host Controller Interface driver
[    0.635238] i8042: PNP: PS/2 Controller [PNP0303:PS2K,PNP0f03:PS2M] at 0x60,0x64 irq 1,12
[    0.636655] serio: i8042 KBD port at 0x60,0x64 irq 1
[    0.637309] serio: i8042 AUX port at 0x60,0x64 irq 12
[    0.638117] mousedev: PS/2 mouse device common for all mice
[    0.639246] input: AT Translated Set 2 keyboard as /devices/platform/i8042/serio0/input/input2
[    0.640032] rtc_cmos rtc_cmos: rtc core: registered rtc_cmos as rtc0
[    0.641206] rtc_cmos rtc_cmos: alarms up to one day, 114 bytes nvram
[    0.642011] i2c /dev entries driver
[    0.642511] device-mapper: uevent: version 1.0.3
[    0.643169] device-mapper: ioctl: 4.37.0-ioctl (2017-09-20) initialised: dm-devel@redhat.com
[    0.644346] ledtrig-cpu: registered to indicate activity on CPUs
[    0.645474] NET: Registered protocol family 10
[    0.648207] Segment Routing with IPv6
[    0.648714] NET: Registered protocol family 17
[    0.649338] Key type dns_resolver registered
[    0.650075] mce: Using 0 MCE banks
[    0.650545] RAS: Correctable Errors collector initialized.
[    0.651275] sched_clock: Marking stable (650025676, 0)->(763391897, -113366221)
[    0.652431] registered taskstats version 1
[    0.652983] Loading compiled-in X.509 certificates
[    0.655133] Loaded X.509 cert 'Build time autogenerated kernel key: b5b26778eaa3ab3a4a6cee031137706e947d12ad'
[    0.656818] Loaded X.509 cert 'Canonical Ltd. Live Patch Signing: 14df34d1a87cf37625abec039ef2bf521249b969'
[    0.658517] Loaded X.509 cert 'Canonical Ltd. Kernel Module Signing: 88f752e560a1e0737e31163a466ad7b70a850c19'
[    0.659731] blacklist: Loading compiled-in revocation X.509 certificates
[    0.660629] Loaded X.509 cert 'Canonical Ltd. Secure Boot Signing: 61482aa2830d0ab2ad5af10b7250da9033ddcef0'
[    0.661848] Loaded X.509 cert 'Canonical Ltd. Secure Boot Signing (2017): 242ade75ac4a15e50d50c84b0d45ff3eae707a03'
[    0.663100] Loaded X.509 cert 'Canonical Ltd. Secure Boot Signing (ESM 2018): 365188c1d374d6b07c3c8f240f8ef722433d6a8b'
[    0.664559] Loaded X.509 cert 'Canonical Ltd. Secure Boot Signing (2019): c0746fd6c5da3ae827864651ad66ae47fe24b3e8'
[    0.665892] Loaded X.509 cert 'Canonical Ltd. Secure Boot Signing (2021 v1): a8d54bbb3825cfb94fa13c9f8a594a195c107b8d'
[    0.667225] Loaded X.509 cert 'Canonical Ltd. Secure Boot Signing (2021 v2): 4cf046892d6fd3c9a5b03f98d845f90851dc6a8c'
[    0.668652] Loaded X.509 cert 'Canonical Ltd. Secure Boot Signing (2021 v3): 100437bb6de6e469b581e61cd66bce3ef4ed53af'
[    0.669921] Loaded X.509 cert 'Canonical Ltd. Secure Boot Signing (Ubuntu Core 2019): c1d57b8f6b743f23ee41f4f7ee292f06eecadfb9'
[    0.671358] zswap: loaded using pool lzo/zbud
[    0.674994] Key type big_key registered
[    0.675499] Key type trusted registered
[    0.677158] Key type encrypted registered
[    0.677735] AppArmor: AppArmor sha1 policy hashing enabled
[    0.678449] ima: No TPM chip found, activating TPM-bypass! (rc=-19)
[    0.679247] ima: Allocated hash algorithm: sha1
[    0.679820] evm: HMAC attrs: 0x1
[    0.680499]   Magic number: 13:68:237
[    0.681086] rtc_cmos rtc_cmos: setting system clock to 2025-06-16 16:14:59 UTC (1750090499)
[    0.683265] BIOS EDD facility v0.16 2004-Jun-25, 0 devices found
[    0.684062] EDD information not available.
[    0.829636] Freeing unused kernel image memory: 2480K
[    0.844155] Write protecting the kernel read-only data: 20480k
[    0.845519] Freeing unused kernel image memory: 2008K
[    0.846451] Freeing unused kernel image memory: 1820K
[    0.853188] x86/mm: Checked W+X mappings: passed, no W+X pages found.
Loading, please wait...
starting version 237
[    0.898183] e1000: Intel(R) PRO/1000 Network Driver - version 7.3.21-k8-NAPI
[    0.899139] e1000: Copyright (c) 1999-2006 Intel Corporation.
[    0.904028] Fusion MPT base driver 3.04.20
[    0.904625] Copyright (c) 1999-2008 LSI Corporation
[    0.911000] Fusion MPT SPI Host driver 3.04.20
[    0.919963] AVX2 version of gcm_enc/dec engaged.
[    0.920628] AES CTR mode by8 optimization enabled
[    1.118747] input: ImExPS/2 Generic Explorer Mouse as /devices/platform/i8042/serio1/input/input4
[    1.598240] e1000 0000:00:03.0 eth0: (PCI:33MHz:32-bit) 02:3b:7b:b7:3b:2d
[    1.603396] e1000 0000:00:03.0 eth0: Intel(R) PRO/1000 Network Connection
[    1.608391] mptbase: ioc0: Initiating bringup
[    1.717740] ioc0: LSI53C1030 A0: Capabilities={Initiator}
[    1.969141] scsi host2: ioc0: LSI53C1030 A0, FwRev=00000000h, Ports=1, MaxQ=256, IRQ=20
[    2.151989] scsi 2:0:0:0: Direct-Access     VBOX     HARDDISK         1.0  PQ: 0 ANSI: 5
[    2.196066] scsi target2:0:0: Beginning Domain Validation
[    2.198442] scsi target2:0:0: Domain Validation skipping write tests
[    2.199723] scsi target2:0:0: Ending Domain Validation
[    2.200519] scsi target2:0:0: asynchronous
[    2.201822] scsi 2:0:1:0: Direct-Access     VBOX     HARDDISK         1.0  PQ: 0 ANSI: 5
[    2.481101] scsi target2:0:1: Beginning Domain Validation
[    2.484125] scsi target2:0:1: Domain Validation skipping write tests
[    2.484927] scsi target2:0:1: Ending Domain Validation
[    2.485634] scsi target2:0:1: asynchronous
[    2.488795] sd 2:0:0:0: Attached scsi generic sg0 type 0
[    2.489595] sd 2:0:0:0: [sda] 83886080 512-byte logical blocks: (42.9 GB/40.0 GiB)
[    2.490624] sd 2:0:0:0: [sda] Write Protect is off
[    2.491331] sd 2:0:1:0: Attached scsi generic sg1 type 0
[    2.492029] sd 2:0:0:0: [sda] Incomplete mode parameter data
[    2.492767] sd 2:0:0:0: [sda] Assuming drive cache: write through
[    2.493599] sd 2:0:1:0: [sdb] 20480 512-byte logical blocks: (10.5 MB/10.0 MiB)
[    2.494619] sd 2:0:1:0: [sdb] Write Protect is off
[    2.495375] sd 2:0:1:0: [sdb] Incomplete mode parameter data
[    2.496093] sd 2:0:1:0: [sdb] Assuming drive cache: write through
[    2.497526]  sda: sda1
[    2.498345] sd 2:0:0:0: [sda] Attached SCSI disk
[    2.499474] sd 2:0:1:0: [sdb] Attached SCSI disk
[    2.511861] e1000 0000:00:08.0 eth1: (PCI:33MHz:32-bit) 08:00:27:0c:18:ef
[    2.512767] e1000 0000:00:08.0 eth1: Intel(R) PRO/1000 Network Connection
[    2.515228] e1000 0000:00:08.0 enp0s8: renamed from eth1
[    2.524425] e1000 0000:00:03.0 enp0s3: renamed from eth0
Begin: Loading essential drivers ... [    3.936500] raid6: sse2x1   gen() 14102 MB/s
[    3.984627] raid6: sse2x1   xor()  8512 MB/s
[    4.032413] raid6: sse2x2   gen() 17299 MB/s
[    4.080302] raid6: sse2x2   xor() 11205 MB/s
[    4.128279] raid6: sse2x4   gen() 18750 MB/s
[    4.176066] raid6: sse2x4   xor() 10708 MB/s
[    4.224270] raid6: avx2x1   gen() 28902 MB/s
[    4.272590] raid6: avx2x1   xor() 16666 MB/s
[    4.320622] raid6: avx2x2   gen() 31649 MB/s
[    4.368435] raid6: avx2x2   xor() 20379 MB/s
[    4.416010] raid6: avx2x4   gen() 35617 MB/s
[    4.465266] raid6: avx2x4   xor() 22616 MB/s
[    4.466026] raid6: using algorithm avx2x4 gen() 35617 MB/s
[    4.466854] raid6: .... xor() 22616 MB/s, rmw enabled
[    4.467509] raid6: using avx2x2 recovery algorithm
[    4.469269] xor: automatically using best checksumming function   avx       
[    4.470997] async_tx: api initialized (async)
done.
Begin: Running /scripts/init-premount ... done.
Begin: Mounting root file system ... Begin: Running /scripts/local-top ... done.
Begin: Running /scripts/local-premount ... [    4.505009] Btrfs loaded, crc32c=crc32c-intel
Scanning for Btrfs filesystems
done.
Warning: fsck not present, so skipping root file system
[    4.521828] EXT4-fs (sda1): mounted filesystem with ordered data mode. Opts: (null)
done.
Begin: Running /scripts/local-bottom ... done.
Begin: Running /scripts/init-bottom ... done.
[    4.662073] ip_tables: (C) 2000-2006 Netfilter Core Team
[    4.667598] systemd[1]: systemd 237 running in system mode. (+PAM +AUDIT +SELINUX +IMA +APPARMOR +SMACK +SYSVINIT +UTMP +LIBCRYPTSETUP +GCRYPT +GNUTLS +ACL +XZ +LZ4 +SECCOMP +BLKID +ELFUTILS +KMOD -IDN2 +IDN -PCRE2 default-hierarchy=hybrid)
[    4.670299] systemd[1]: Detected virtualization oracle.
[    4.671017] systemd[1]: Detected architecture x86-64.

Welcome to [1mUbuntu 18.04.6 LTS[0m!

[    4.675114] systemd[1]: Set hostname to <ubuntu>.
[    4.677138] systemd[1]: Initializing machine ID from random generator.
[    4.677987] systemd[1]: Installed transient /etc/machine-id file.
[    4.846127] systemd[1]: Set up automount Arbitrary Executable File Formats File System Automount Point.
[[0;32m  OK  [0m] Set up automount Arbitrary Executab…rmats File System Automount Point.
[    4.849652] systemd[1]: Created slice User and Session Slice.
[[0;32m  OK  [0m] Created slice User and Session Slice.
[    4.850878] systemd[1]: Reached target User and Group Name Lookups.
[[0;32m  OK  [0m] Reached target User and Group Name Lookups.
[    4.852245] systemd[1]: Reached target System Time Synchronized.
[[0;32m  OK  [0m] Reached target System Time Synchronized.
[[0;32m  OK  [0m] Reached target Mounting snaps.
[[0;32m  OK  [0m] Reached target Mounted snaps.
[[0;32m  OK  [0m] Created slice System Slice.
[[0;32m  OK  [0m] Listening on Journal Audit Socket.
[[0;32m  OK  [0m] Listening on Network Service Netlink Socket.
[[0;32m  OK  [0m] Reached target Slices.
[[0;32m  OK  [0m] Listening on fsck to fsckd communication Socket.
[[0;32m  OK  [0m] Listening on udev Kernel Socket.
[[0;32m  OK  [0m] Listening on LVM2 metadata daemon socket.
[[0;32m  OK  [0m] Listening on udev Control Socket.
[[0;32m  OK  [0m] Listening on LVM2 poll daemon socket.
[[0;32m  OK  [0m] Listening on Journal Socket.
         Mounting Huge Pages File System...
         Starting Uncomplicated firewall...
         Starting Create list of required st…ce nodes for the current kernel...
[[0;32m  OK  [0m] Created slice system-serial\x2dgetty.slice.
         Starting Set the console keyboard layout...
[[0;32m  OK  [0m] Listening on Device-mapper event daemon FIFOs.
         Starting Monitoring of LVM2 mirrors…ng dmeventd or progress polling...
[[0;32m  OK  [0m] Started Forward Password Requests to Wall Directory Watch.
         Starting File System Check on Root Device...
[[0;32m  OK  [0m] Listening on Journal Socket (/dev/log).
         Mounting POSIX Message Queue File System...
[[0;32m  OK  [0m] Listening on /dev/initctl Compatibility Named Pipe.
         Starting udev Coldplug all Devices...
[[0;32m  OK  [0m] Reached target Swap.
[[0;32m  OK  [0m] Listening on Syslog Socket.
         Mounting Kernel Debug File System...
         Starting Load Kernel Modules...
         Starting Journal Service...
[[0;32m  OK  [0m] Mounted Huge Pages File System.
[[0;32m  OK  [0m] Started Uncomplicated firewall.
[[0;32m  OK  [0m] Started Create list of required sta…vice nodes for the current kernel.
[[0;32m  OK  [0m] Mounted POSIX Message Queue File System.
[[0;32m  OK  [0m] Mounted Kernel Debug File System.
[[0;32m  OK  [0m] Started LVM2 metadata daemon.
[[0;32m  OK  [0m] Started File System Check Daemon to report status.
         Starting Create Static Device Nodes in /dev...
[    4.952640] Loading iSCSI transport class v2.0-870.
[    4.956844] iscsi: registered transport (tcp)
[[0;32m  OK  [0m] Started udev Coldplug all Devices.
[    4.968357] iscsi: registered transport (iser)
[[0;32m  OK  [0m] Started Load Kernel Modules.
         Starting Apply Kernel Variables...
         Mounting FUSE Control File System...
         Mounting Kernel Configuration File System...
[[0;32m  OK  [0m] Mounted FUSE Control File System.
[[0;32m  OK  [0m] Mounted Kernel Configuration File System.
[[0;32m  OK  [0m] Started Journal Service.
[[0;32m  OK  [0m] Started File System Check on Root Device.
         Starting Remount Root and Kernel File Systems...
[[0;32m  OK  [0m] Started Create Static Device Nodes in /dev.
[[0;32m  OK  [0m] Started Apply Kernel Variables.
[[0;32m  OK  [0m] Started Remount Root and Kernel File Systems.
         Starting Flush Journal to Persistent Storage...
         Starting Load/Save Random Seed...
         Starting udev Kernel Device Manager...
[[0;32m  OK  [0m] Started Monitoring of LVM2 mirrors,…sing dmeventd or progress polling.
[[0;32m  OK  [0m] Started Load/Save Random Seed.
[[0;32m  OK  [0m] Started udev Kernel Device Manager.
[[0;32m  OK  [0m] Started Flush Journal to Persistent Storage.
[[0;32m  OK  [0m] Found device /dev/ttyS0.
[[0;32m  OK  [0m] Listening on Load/Save RF Kill Switch Status /dev/rfkill Watch.
         Mounting Arbitrary Executable File Formats File System...
[[0;32m  OK  [0m] Mounted Arbitrary Executable File Formats File System.
[[0;32m  OK  [0m] Started Set the console keyboard layout.
[[0;32m  OK  [0m] Reached target Local File Systems (Pre).
[[0;32m  OK  [0m] Reached target Local File Systems.
         Starting Set console font and keymap...
         Starting Tell Plymouth To Write Out Runtime Data...
         Starting Commit a transient machine-id on disk...
         Starting ebtables ruleset management...
         Starting AppArmor initialization...
         Starting Create Volatile Files and Directories...
[[0;32m  OK  [0m] Started Dispatch Password Requests to Console Directory Watch.
[[0;32m  OK  [0m] Reached target Local Encrypted Volumes.
[[0;32m  OK  [0m] Started Tell Plymouth To Write Out Runtime Data.
[[0;32m  OK  [0m] Started Commit a transient machine-id on disk.
[[0;32m  OK  [0m] Started Create Volatile Files and Directories.
         Starting Update UTMP about System Boot/Shutdown...
[[0;32m  OK  [0m] Started Update UTMP about System Boot/Shutdown.
[[0;32m  OK  [0m] Started ebtables ruleset management.
[[0;32m  OK  [0m] Started AppArmor initialization.
         Starting Load AppArmor profiles managed internally by snapd...
         Starting Initial cloud-init job (pre-networking)...
[[0;32m  OK  [0m] Started Load AppArmor profiles managed internally by snapd.
[[0;32m  OK  [0m] Started Set console font and keymap.
[    7.499617] cloud-init[852]: Cloud-init v. 23.1.2-0ubuntu0~18.04.1 running 'init-local' at Mon, 16 Jun 2025 16:15:06 +0000. Up 7.24 seconds.
[[0;32m  OK  [0m] Started Initial cloud-init job (pre-networking).
[[0;32m  OK  [0m] Reached target Network (Pre).
         Starting Network Service...
[[0;32m  OK  [0m] Started Network Service.
         Starting Wait for Network to be Configured...
         Starting Network Name Resolution...
[[0;32m  OK  [0m] Started Network Name Resolution.
[[0;32m  OK  [0m] Reached target Host and Network Name Lookups.
[[0;32m  OK  [0m] Reached target Network.
[[0;32m  OK  [0m] Started Wait for Network to be Configured.
         Starting Initial cloud-init job (metadata service crawler)...
[    9.218515] cloud-init[1024]: Cloud-init v. 23.1.2-0ubuntu0~18.04.1 running 'init' at Mon, 16 Jun 2025 16:15:07 +0000. Up 9.11 seconds.
[    9.228131] cloud-init[1024]: ci-info: ++++++++++++++++++++++++++++++++++++++Net device info+++++++++++++++++++++++++++++++++++++++
[    9.228880] cloud-init[1024]: ci-info: +--------+-------+----------------------------+---------------+--------+-------------------+
[    9.229683] cloud-init[1024]: ci-info: | Device |   Up  |          Address           |      Mask     | Scope  |     Hw-Address    |
[    9.230817] cloud-init[1024]: ci-info: +--------+-------+----------------------------+---------------+--------+-------------------+
[    9.231943] cloud-init[1024]: ci-info: | enp0s3 |  True |         10.0.2.15          | 255.255.255.0 | global | 02:3b:7b:b7:3b:2d |
[    9.233060] cloud-init[1024]: ci-info: | enp0s3 |  True | fd00::3b:7bff:feb7:3b2d/64 |       .       | global | 02:3b:7b:b7:3b:2d |
[    9.234186] cloud-init[1024]: ci-info: | enp0s3 |  True | fe80::3b:7bff:feb7:3b2d/64 |       .       |  link  | 02:3b:7b:b7:3b:2d |
[    9.235860] cloud-init[1024]: ci-info: | enp0s8 | False |             .              |       .       |   .    | 08:00:27:0c:18:ef |
[    9.238532] cloud-init[1024]: ci-info: |   lo   |  True |         127.0.0.1          |   255.0.0.0   |  host  |         .         |
[    9.241015] cloud-init[1024]: ci-info: |   lo   |  True |          ::1/128           |       .       |  host  |         .         |
[    9.242182] cloud-init[1024]: ci-info: +--------+-------+----------------------------+---------------+--------+-------------------+
[    9.244106] cloud-init[1024]: ci-info: ++++++++++++++++++++++++++++Route IPv4 info+++++++++++++++++++++++++++++
[    9.245035] cloud-init[1024]: ci-info: +-------+-------------+----------+-----------------+-----------+-------+
[    9.245981] cloud-init[1024]: ci-info: | Route | Destination | Gateway  |     Genmask     | Interface | Flags |
[    9.246855] cloud-init[1024]: ci-info: +-------+-------------+----------+-----------------+-----------+-------+
[    9.247795] cloud-init[1024]: ci-info: |   0   |   0.0.0.0   | 10.0.2.2 |     0.0.0.0     |   enp0s3  |   UG  |
[    9.248671] cloud-init[1024]: ci-info: |   1   |   10.0.2.0  | 0.0.0.0  |  255.255.255.0  |   enp0s3  |   U   |
[    9.249535] cloud-init[1024]: ci-info: |   2   |   10.0.2.2  | 0.0.0.0  | 255.255.255.255 |   enp0s3  |   UH  |
[    9.250391] cloud-init[1024]: ci-info: +-------+-------------+----------+-----------------+-----------+-------+
[    9.251235] cloud-init[1024]: ci-info: +++++++++++++++++++Route IPv6 info+++++++++++++++++++
[    9.251979] cloud-init[1024]: ci-info: +-------+-------------+---------+-----------+-------+
[    9.252812] cloud-init[1024]: ci-info: | Route | Destination | Gateway | Interface | Flags |
[    9.253561] cloud-init[1024]: ci-info: +-------+-------------+---------+-----------+-------+
[    9.254348] cloud-init[1024]: ci-info: |   1   |  fd00::/64  |    ::   |   enp0s3  |   U   |
[    9.255105] cloud-init[1024]: ci-info: |   2   |  fe80::/64  |    ::   |   enp0s3  |   U   |
[    9.255880] cloud-init[1024]: ci-info: |   3   |     ::/0    | fe80::2 |   enp0s3  |   UG  |
[    9.256636] cloud-init[1024]: ci-info: |   5   |    local    |    ::   |   enp0s3  |   U   |
[    9.257380] cloud-init[1024]: ci-info: |   6   |   ff00::/8  |    ::   |   enp0s3  |   U   |
[    9.258179] cloud-init[1024]: ci-info: +-------+-------------+---------+-----------+-------+
[   10.094060] cloud-init[1024]: Generating public/private rsa key pair.
[   10.094659] cloud-init[1024]: Your identification has been saved in /etc/ssh/ssh_host_rsa_key.
[   10.095441] cloud-init[1024]: Your public key has been saved in /etc/ssh/ssh_host_rsa_key.pub.
[   10.096249] cloud-init[1024]: The key fingerprint is:
[   10.096720] cloud-init[1024]: SHA256:JsmuDskCewfh5jfrZpzitMKmeIMAVamzHqnQJ1TM9V0 root@ubuntu-bionic
[   10.097524] cloud-init[1024]: The key's randomart image is:
[   10.098036] cloud-init[1024]: +---[RSA 2048]----+
[   10.098480] cloud-init[1024]: |   +.o.     E    |
[   10.098925] cloud-init[1024]: |  . =  . . .     |
[   10.099391] cloud-init[1024]: | ..o    . .      |
[   10.099829] cloud-init[1024]: |..+. . .         |
[   10.100302] cloud-init[1024]: |oo++  + S        |
[   10.100782] cloud-init[1024]: |+=*o.. o         |
[   10.101232] cloud-init[1024]: |*+B=+..          |
[   10.101676] cloud-init[1024]: |=*===+           |
[   10.102138] cloud-init[1024]: |=+oB=            |
[   10.102577] cloud-init[1024]: +----[SHA256]-----+
[   10.103010] cloud-init[1024]: Generating public/private dsa key pair.
[   10.103601] cloud-init[1024]: Your identification has been saved in /etc/ssh/ssh_host_dsa_key.
[   10.104374] cloud-init[1024]: Your public key has been saved in /etc/ssh/ssh_host_dsa_key.pub.
[   10.105135] cloud-init[1024]: The key fingerprint is:
[   10.105606] cloud-init[1024]: SHA256:wmshH8YPdarP2x5nxRHwCDNkZ/LJDzsMpq+eAwoGsqY root@ubuntu-bionic
[   10.106403] cloud-init[1024]: The key's randomart image is:
[   10.106902] cloud-init[1024]: +---[DSA 1024]----+
[   10.107349] cloud-init[1024]: |         .B +..  |
[   10.107796] cloud-init[1024]: |         . X + . |
[   10.108255] cloud-init[1024]: |        . + * o  |
[   10.108696] cloud-init[1024]: |o    o . = o = . |
[   10.109139] cloud-init[1024]: |.o  . O S   + +  |
[   10.109593] cloud-init[1024]: |..o  +.O .   o   |
[   10.110029] cloud-init[1024]: |o. . .=.. o o    |
[   10.110482] cloud-init[1024]: |E   .. o.+ +     |
[   10.110930] cloud-init[1024]: |       .B+o      |
[   10.111370] cloud-init[1024]: +----[SHA256]-----+
[   10.111814] cloud-init[1024]: Generating public/private ecdsa key pair.
[   10.112423] cloud-init[1024]: Your identification has been saved in /etc/ssh/ssh_host_ecdsa_key.
[   10.113194] cloud-init[1024]: Your public key has been saved in /etc/ssh/ssh_host_ecdsa_key.pub.
[   10.113988] cloud-init[1024]: The key fingerprint is:
[   10.114456] cloud-init[1024]: SHA256:JNWAciImnzgKlRBLlkekzk62dM3Ed853PD/jDAEdps4 root@ubuntu-bionic
[   10.115250] cloud-init[1024]: The key's randomart image is:
[   10.115748] cloud-init[1024]: +---[ECDSA 256]---+
[   10.116216] cloud-init[1024]: |o=++   .oo   o   |
[   10.116658] cloud-init[1024]: |+o*.+ o.  . + .  |
[   10.117101] cloud-init[1024]: |.B.o *.... o .   |
[   10.117581] cloud-init[1024]: |* o + .o+ o o    |
[   10.118023] cloud-init[1024]: |oB . o  So E =   |
[   10.118485] cloud-init[1024]: |* o       . . +  |
[   10.118921] cloud-init[1024]: | o           . + |
[   10.119362] cloud-init[1024]: |              + o|
[   10.119812] cloud-init[1024]: |               o |
[   10.120273] cloud-init[1024]: +----[SHA256]-----+
[   10.120712] cloud-init[1024]: Generating public/private ed25519 key pair.
[   10.121322] cloud-init[1024]: Your identification has been saved in /etc/ssh/ssh_host_ed25519_key.
[   10.122116] cloud-init[1024]: Your public key has been saved in /etc/ssh/ssh_host_ed25519_key.pub.
[   10.122910] cloud-init[1024]: The key fingerprint is:
[   10.132158] cloud-init[1024]: SHA256:7wOIaI2U9gfrFQ6UvSdmxFtFfUwvQtj3tD6nH9b4duY root@ubuntu-bionic
[   10.132933] cloud-init[1024]: The key's randomart image is:
[   10.133445] cloud-init[1024]: +--[ED25519 256]--+
[   10.133891] cloud-init[1024]: |     +   oo+.o.  |
[   10.134490] cloud-init[1024]: |    o + . ..o +..|
[   10.134950] cloud-init[1024]: |   o . +    .o.oo|
[   10.135413] cloud-init[1024]: |  + o B .    . o.|
[   10.135869] cloud-init[1024]: | o = O =S     .  |
[   10.136367] cloud-init[1024]: |  + = = ..     +o|
[   10.136818] cloud-init[1024]: | . . o   ..   .++|
[   10.137270] cloud-init[1024]: |    .    ..   o.=|
[   10.137722] cloud-init[1024]: |          ..   =E|
[   10.138168] cloud-init[1024]: +----[SHA256]-----+
[[0;32m  OK  [0m] Started Initial cloud-init job (metadata service crawler).
[[0;32m  OK  [0m] Reached target System Initialization.
[[0;32m  OK  [0m] Started Message of the Day.
[[0;32m  OK  [0m] Started Daily Cleanup of Temporary Directories.
[[0;32m  OK  [0m] Started Ubuntu Advantage Timer for running repeated jobs.
[[0;32m  OK  [0m] Listening on cloud-init hotplug hook socket.
[[0;32m  OK  [0m] Started Daily apt download activities.
[[0;32m  OK  [0m] Listening on Open-iSCSI iscsid Socket.
         Starting Socket activation for snappy daemon.
         Starting LXD - unix socket.
[[0;32m  OK  [0m] Started Discard unused blocks once a week.
[[0;32m  OK  [0m] Listening on UUID daemon activation socket.
[[0;32m  OK  [0m] Started ACPI Events Check.
[[0;32m  OK  [0m] Reached target Paths.
[[0;32m  OK  [0m] Listening on ACPID Listen Socket.
[[0;32m  OK  [0m] Started Daily apt upgrade and clean activities.
[[0;32m  OK  [0m] Reached target Timers.
[[0;32m  OK  [0m] Listening on D-Bus System Message Bus Socket.
[[0;32m  OK  [0m] Reached target Cloud-config availability.
[[0;32m  OK  [0m] Reached target Network is Online.
[[0;32m  OK  [0m] Reached target Remote File Systems (Pre).
[[0;32m  OK  [0m] Reached target Remote File Systems.
         Starting Availability of block devices...
[[0;32m  OK  [0m] Listening on Socket activation for snappy daemon.
[[0;32m  OK  [0m] Listening on LXD - unix socket.
[[0;32m  OK  [0m] Started Availability of block devices.
[[0;32m  OK  [0m] Reached target Sockets.
[[0;32m  OK  [0m] Reached target Basic System.
         Starting Snap Daemon...
         Starting System Logging Service...
         Starting LSB: Record successful boot for GRUB...
         Starting Login Service...
[[0;32m  OK  [0m] Started irqbalance daemon.
[[0;32m  OK  [0m] Reached target Login Prompts (Pre).
         Starting Dispatcher daemon for systemd-networkd...
         Starting Virtualbox guest utils...
[[0;32m  OK  [0m] Started FUSE filesystem for LXC.
         Starting Pollinate to seed the pseudo random number generator...
[[0;32m  OK  [0m] Started Regular background program processing daemon.
         Starting Accounts Service...
         Starting Permit User Sessions...
         Starting LXD - container startup/shutdown...
[[0;32m  OK  [0m] Started Deferred execution scheduler.
[[0;32m  OK  [0m] Started D-Bus System Message Bus.
         Starting LSB: automatic crash report generation...
[[0;32m  OK  [0m] Started System Logging Service.
[[0;32m  OK  [0m] Started Permit User Sessions.
[[0;32m  OK  [0m] Started Login Service.
         Starting Hostname Service...
[[0;32m  OK  [0m] Started Unattended Upgrades Shutdown.
         Starting Terminate Plymouth Boot Screen...
         Starting Hold until boot process finishes up...
[[0;32m  OK  [0m] Started Hold until boot process finishes up.
[[0;32m  OK  [0m] Started Serial Getty on ttyS0.
         Starting Set console scheme...
[[0;32m  OK  [0m] Started Terminate Plymouth Boot Screen.
[[0;32m  OK  [0m] Started Virtualbox guest utils.
[[0;32m  OK  [0m] Started LSB: Record successful boot for GRUB.
[[0;32m  OK  [0m] Started LSB: automatic crash report generation.
[[0;32m  OK  [0m] Started Set console scheme.
[[0;32m  OK  [0m] Started Hostname Service.
[[0;32m  OK  [0m] Created slice system-getty.slice.
[[0;32m  OK  [0m] Started Getty on tty1.
[[0;32m  OK  [0m] Reached target Login Prompts.
         Starting Authorization Manager...
[[0;32m  OK  [0m] Started Authorization Manager.
[[0;32m  OK  [0m] Started Accounts Service.
[[0;32m  OK  [0m] Started LXD - container startup/shutdown.
[[0;32m  OK  [0m] Started Dispatcher daemon for systemd-networkd.
[[0;32m  OK  [0m] Started Snap Daemon.
         Starting Wait until snapd is fully seeded...
         Starting Time & Date Service...
[[0;32m  OK  [0m] Started Time & Date Service.
[[0;32m  OK  [0m] Started Pollinate to seed the pseudo random number generator.
         Starting OpenBSD Secure Shell server...
[[0;32m  OK  [0m] Started OpenBSD Secure Shell server.
[[0;32m  OK  [0m] Created slice User Slice of vagrant.
         Starting User Manager for UID 1000...
[[0;32m  OK  [0m] Started Session 1 of user vagrant.
[[0;32m  OK  [0m] Started User Manager for UID 1000.
[[0;32m  OK  [0m] Started Wait until snapd is fully seeded.
         Starting Apply the settings specified in cloud-config...
[   13.823870] cloud-init[1634]: Cloud-init v. 23.1.2-0ubuntu0~18.04.1 running 'modules:config' at Mon, 16 Jun 2025 16:15:12 +0000. Up 13.24 seconds.
[[0;32m  OK  [0m] Started Apply the settings specified in cloud-config.
[[0;32m  OK  [0m] Reached target Multi-User System.
[[0;32m  OK  [0m] Reached target Graphical Interface.
         Starting Update UTMP about System Runlevel Changes...
         Starting Execute cloud user/final scripts...
[[0;32m  OK  [0m] Started Update UTMP about System Runlevel Changes.
ci-info: no authorized SSH keys fingerprints found for user ubuntu.
<14>Jun 16 16:15:13 cloud-init: #############################################################
<14>Jun 16 16:15:13 cloud-init: -----BEGIN SSH HOST KEY FINGERPRINTS-----
<14>Jun 16 16:15:13 cloud-init: 1024 SHA256:wmshH8YPdarP2x5nxRHwCDNkZ/LJDzsMpq+eAwoGsqY root@ubuntu-bionic (DSA)
<14>Jun 16 16:15:13 cloud-init: 256 SHA256:JNWAciImnzgKlRBLlkekzk62dM3Ed853PD/jDAEdps4 root@ubuntu-bionic (ECDSA)
<14>Jun 16 16:15:13 cloud-init: 256 SHA256:7wOIaI2U9gfrFQ6UvSdmxFtFfUwvQtj3tD6nH9b4duY root@ubuntu-bionic (ED25519)
<14>Jun 16 16:15:13 cloud-init: 2048 SHA256:JsmuDskCewfh5jfrZpzitMKmeIMAVamzHqnQJ1TM9V0 root@ubuntu-bionic (RSA)
<14>Jun 16 16:15:13 cloud-init: -----END SSH HOST KEY FINGERPRINTS-----
<14>Jun 16 16:15:13 cloud-init: #############################################################
-----BEGIN SSH HOST KEY KEYS-----
ecdsa-sha2-nistp256 AAAAE2VjZHNhLXNoYTItbmlzdHAyNTYAAAAIbmlzdHAyNTYAAABBBALs/dGDyENFJkyZVh4/85oM6Tpu1KdtMDpOD6JSMrFWhwHQueoSsb+Pw70X+vYN33yB59uOdwchVTiZCoJgWE4= root@ubuntu-bionic
ssh-ed25519 AAAAC3NzaC1lZDI1NTE5AAAAIKaRB9Bx63H3uJy+BhOeXDtAs7ZgXPqzrhx2cbn0Gb9v root@ubuntu-bionic
ssh-rsa AAAAB3NzaC1yc2EAAAADAQABAAABAQD77CK5OldnMhqzdSruwlQfoQrsOrHBepmAgWBFbG/94ImrIC0Q9Wf2RpEgfEi5bnkAzHzMXNmDTn/Q1ALUuxwqvkg73bTuwkNzFC8fCjHXyRmDI3+9tEfM3TrluGqddx9NbTLgnjJ+kAtXZ9m57pBxqL7LyePQK8HWCb/+vpUlWRvBDb6e5ukp3YNzzvXID/YtM1tTSAX/ko02TNwcJHVWgWAaESGdIoQBVWZngKI4WxuJrB+iwVF7Yf2YisWsFSfxtdf4ey3Mxbt2wO7t84akkSpQMc65hsg/q+lXeE7lngtbSt5600cn8lMVs+8aSslfqA157U3qfFZv5osy9Al9 root@ubuntu-bionic
-----END SSH HOST KEY KEYS-----
[   14.752956] cloud-init[1727]: Cloud-init v. 23.1.2-0ubuntu0~18.04.1 running 'modules:final' at Mon, 16 Jun 2025 16:15:13 +0000. Up 14.49 seconds.
[   14.772780] cloud-init[1727]: Cloud-init v. 23.1.2-0ubuntu0~18.04.1 finished at Mon, 16 Jun 2025 16:15:13 +0000. Datasource DataSourceNoCloud [seed=/dev/sdb][dsmode=net].  Up 14.74 seconds
[[0;32m  OK  [0m] Started Execute cloud user/final scripts.
[[0;32m  OK  [0m] Reached target Cloud-init target.

Ubuntu 18.04.6 LTS ubuntu-bionic ttyS0

ubuntu-bionic login: [[0;32m  OK  [0m] Stopped target Cloud-init target.
         Stopping Availability of block devices...
[[0;32m  OK  [0m] Stopped target Host and Network Name Lookups.
[[0;32m  OK  [0m] Stopped target Timers.
[[0;32m  OK  [0m] Stopped Daily apt upgrade and clean activities.
[[0;32m  OK  [0m] Stopped Ubuntu Advantage Timer for running repeated jobs.
[[0;32m  OK  [0m] Stopped Daily apt download activities.
[[0;32m  OK  [0m] Stopped target Graphical Interface.
         Stopping Session 5 of user vagrant.
[[0;32m  OK  [0m] Stopped Daily Cleanup of Temporary Directories.
[[0;32m  OK  [0m] Stopped Message of the Day.
         Stopping Authorization Manager...
         Stopping Accounts Service...
[[0;32m  OK  [0m] Stopped Execute cloud user/final scripts.
[[0;32m  OK  [0m] Stopped Apply the settings specified in cloud-config.
[[0;32m  OK  [0m] Stopped target Cloud-config availability.
[[0;32m  OK  [0m] Stopped target Network is Online.
[[0;32m  OK  [0m] Stopped target Multi-User System.
         Stopping Dispatcher daemon for systemd-networkd...
         Stopping D-Bus System Message Bus...
         Stopping LSB: automatic crash report generation...
         Stopping irqbalance daemon...
         Stopping System Logging Service...
         Stopping Regular background program processing daemon...
         Stopping LSB: Record successful boot for GRUB...
[[0;32m  OK  [0m] Stopped target Login Prompts.
         Stopping Getty on tty1...
         Stopping Serial Getty on ttyS0...
         Stopping Deferred execution scheduler...
         Stopping Virtualbox guest utils...
         Stopping LXD - container startup/shutdown...
         Stopping OpenBSD Secure Shell server...
[[0;32m  OK  [0m] Stopped Wait until snapd is fully seeded.
[[0;32m  OK  [0m] Closed Load/Save RF Kill Switch Status /dev/rfkill Watch.
         Stopping User Manager for UID 1000...
         Stopping FUSE filesystem for LXC...
[[0;32m  OK  [0m] Stopped Discard unused blocks once a week.
[[0;32m  OK  [0m] Stopped target System Time Synchronized.
[[0;32m  OK  [0m] Stopped System Logging Service.
[[0;32m  OK  [0m] Stopped irqbalance daemon.
[[0;32m  OK  [0m] Stopped Dispatcher daemon for systemd-networkd.
[[0;32m  OK  [0m] Stopped Regular background program processing daemon.
[[0;32m  OK  [0m] Unmounted /var/lib/lxcfs.
[[0;32m  OK  [0m] Stopped Accounts Service.
[[0;32m  OK  [0m] Stopped Deferred execution scheduler.
[[0;32m  OK  [0m] Stopped Serial Getty on ttyS0.
[[0;32m  OK  [0m] Stopped Getty on tty1.
[[0;32m  OK  [0m] Stopped Authorization Manager.
[[0;32m  OK  [0m] Stopped OpenBSD Secure Shell server.
[[0;32m  OK  [0m] Stopped User Manager for UID 1000.
[[0;32m  OK  [0m] Stopped Availability of block devices.
[[0;32m  OK  [0m] Stopped D-Bus System Message Bus.
[[0;32m  OK  [0m] Stopped FUSE filesystem for LXC.
[[0;32m  OK  [0m] Stopped Session 5 of user vagrant.
[[0;32m  OK  [0m] Removed slice User Slice of vagrant.
         Stopping Login Service...
[[0;32m  OK  [0m] Removed slice system-getty.slice.
[[0;32m  OK  [0m] Stopped target Login Prompts (Pre).
         Stopping Permit User Sessions...
[[0;32m  OK  [0m] Removed slice system-serial\x2dgetty.slice.
[[0;32m  OK  [0m] Stopped LSB: automatic crash report generation.
[[0;32m  OK  [0m] Stopped Virtualbox guest utils.
[[0;32m  OK  [0m] Stopped Permit User Sessions.
[[0;32m  OK  [0m] Stopped target Network.
         Stopping Network Name Resolution...
[[0;32m  OK  [0m] Stopped target Remote File Systems.
[[0;32m  OK  [0m] Stopped target Remote File Systems (Pre).
[[0;32m  OK  [0m] Stopped LXD - container startup/shutdown.
[[0;32m  OK  [0m] Stopped LSB: Record successful boot for GRUB.
[[0;32m  OK  [0m] Stopped Network Name Resolution.
         Stopping Network Service...
[[0;32m  OK  [0m] Stopped Login Service.
[[0;32m  OK  [0m] Stopped target Basic System.
[[0;32m  OK  [0m] Stopped target Sockets.
[[0;32m  OK  [0m] Closed Socket activation for snappy daemon.
[[0;32m  OK  [0m] Closed cloud-init hotplug hook socket.
[[0;32m  OK  [0m] Closed UUID daemon activation socket.
[[0;32m  OK  [0m] Closed Syslog Socket.
[[0;32m  OK  [0m] Closed LXD - unix socket.
[[0;32m  OK  [0m] Closed Open-iSCSI iscsid Socket.
[[0;32m  OK  [0m] Closed ACPID Listen Socket.
[[0;32m  OK  [0m] Stopped target Slices.
[[0;32m  OK  [0m] Stopped target Paths.
[[0;32m  OK  [0m] Stopped ACPI Events Check.
[[0;32m  OK  [0m] Removed slice User and Session Slice.
[[0;32m  OK  [0m] Stopped target User and Group Name Lookups.
[[0;32m  OK  [0m] Closed D-Bus System Message Bus Socket.
[[0;32m  OK  [0m] Stopped target System Initialization.
         Stopping Update UTMP about System Boot/Shutdown...
[[0;32m  OK  [0m] Stopped target Local Encrypted Volumes.
[[0;32m  OK  [0m] Stopped Forward Password Requests to Wall Directory Watch.
[[0;32m  OK  [0m] Stopped Dispatch Password Requests to Console Directory Watch.
[[0;32m  OK  [0m] Stopped Initial cloud-init job (metadata service crawler).
         Stopping Load/Save Random Seed...
[[0;32m  OK  [0m] Stopped Commit a transient machine-id on disk.
[[0;32m  OK  [0m] Stopped Network Service.
[[0;32m  OK  [0m] Stopped Load/Save Random Seed.
[[0;32m  OK  [0m] Stopped Apply Kernel Variables.
[[0;32m  OK  [0m] Stopped Load Kernel Modules.
[[0;32m  OK  [0m] Stopped target Network (Pre).
[[0;32m  OK  [0m] Stopped Initial cloud-init job (pre-networking).
[[0;32m  OK  [0m] Stopped Update UTMP about System Boot/Shutdown.
[[0;32m  OK  [0m] Stopped Create Volatile Files and Directories.
[[0;32m  OK  [0m] Stopped target Local File Systems.
         Unmounting /run/user/1000...
[[0;32m  OK  [0m] Stopped target Mounted snaps.
[[0;32m  OK  [0m] Stopped target Mounting snaps.
[[0;32m  OK  [0m] Unmounted /run/user/1000.
[[0;32m  OK  [0m] Reached target Unmount All Filesystems.
[[0;32m  OK  [0m] Stopped target Local File Systems (Pre).
[[0;32m  OK  [0m] Stopped Create Static Device Nodes in /dev.
         Stopping Monitoring of LVM2 mirrors…ng dmeventd or progress polling...
[[0;32m  OK  [0m] Stopped Remount Root and Kernel File Systems.
[[0;32m  OK  [0m] Stopped target Swap.
[[0;32m  OK  [0m] Reached target Shutdown.
[[0;32m  OK  [0m] Reached target Final Step.
         Starting Power-Off...
[[0;32m  OK  [0m] Stopped Monitoring of LVM2 mirrors,…sing dmeventd or progress polling.
         Stopping LVM2 metadata daemon...
[[0;32m  OK  [0m] Stopped LVM2 metadata daemon.
[   54.259771] reboot: Power down
